C51 COMPILER V9.54   MAIN                                                                  06/24/2015 09:22:07 PAGE 1   


C51 COMPILER V9.54, COMPILATION OF MODULE MAIN
OBJECT MODULE PLACED IN main.obj
COMPILER INVOKED BY: d:\Keil_v5\C51\BIN\C51.EXE Source\main.c OPTIMIZE(8,SPEED) BROWSE INCDIR(..\电机控制) DEBUG OBJECTE
                    -XTEND PRINT(.\main.lst) TABS(2) OBJECT(main.obj)

line level    source

   1          /*
   2          版权声明：
   3          WIFI机器人网・机器人创意工作室版权所有 www.wifi-robots.com
   4          您可以任意修改本程序，并应用于自行研发的智能小车机器人及其他电子产品上，但是禁止用于商业牟利。
   5          By WIFI机器人网・机器人创意工作室
   6          */
   7          #include "stc_new_8051.h"
   8          #include "motor.h"
   9          #include "uart.h"
  10          #include <stdio.h>
  11          #include "type.h"
  12          #include "timer.h"
  13          #include "SelfTest.h"
  14          #include "OLED12864.h"
  15          extern void UART_send_byte(uint8 byte);
  16          //#define DEBUG //是否开启打印开关
  17          
  18          
  19          void main(void)
  20          {
  21   1        LCD_Init();
  22   1        LCD_P8x16Str(30,0,"FarSight");   
  23   1        LCD_P8x16Str(25,2,"Smart Car");  
  24   1        LCD_P6x8Str(16,6,"Initializing.....");    
  25   1        MainLight_Init();
  26   1        MainBuzzer_Init();
  27   1        #ifndef DEBUG
  28   1        {
  29   2          TestApp_Init();
  30   2        }
  31   1        #endif
  32   1        LCD_P6x8Str(16,6,"UART_init!       "); 
  33   1        UART_init();
  34   1        LCD_P6x8Str(16,6,"Motor_Init!      "); 
  35   1        Motor_Init();
  36   1        LCD_P6x8Str(16,6,"Timer0_Init!     "); 
  37   1        Timer0_Init();
  38   1        LCD_P6x8Str(16,6,"Timer1_Init!     "); 
  39   1        Timer1_Init();
  40   1        
  41   1        //Init_Steer();
  42   1      
  43   1        LCD_P6x8Str(16,6,"Working!         ");    
  44   1      
  45   1          while(1)
  46   1        {
  47   2            Cruising_Mod();//模式功能执行子函数
*** WARNING C206 IN LINE 47 OF Source\main.c: 'Cruising_Mod': missing function-prototype
  48   2          //ARMShow();
  49   2        }
  50   1      }
*** WARNING C316 IN LINE 50 OF Source\main.c: unterminated conditionals


C51 COMPILER V9.54   MAIN                                                                  06/24/2015 09:22:07 PAGE 2   

MODULE INFORMATION:   STATIC OVERLAYABLE
   CODE SIZE        =    148    ----
   CONSTANT SIZE    =    127    ----
   XDATA SIZE       =   ----    ----
   PDATA SIZE       =   ----    ----
   DATA SIZE        =   ----    ----
   IDATA SIZE       =   ----    ----
   BIT SIZE         =   ----    ----
END OF MODULE INFORMATION.


C51 COMPILATION COMPLETE.  2 WARNING(S),  0 ERROR(S)
