C51 COMPILER V9.54   OLED12864                                                             06/16/2015 09:53:32 PAGE 1   


C51 COMPILER V9.54, COMPILATION OF MODULE OLED12864
OBJECT MODULE PLACED IN OLED12864.obj
COMPILER INVOKED BY: d:\Keil_v5\C51\BIN\C51.EXE Source\OLED12864.c OPTIMIZE(8,SPEED) BROWSE INCDIR(..\电机控制) DEBUG OB
                    -JECTEXTEND PRINT(.\OLED12864.lst) TABS(2) OBJECT(OLED12864.obj)

line level    source

   1          #include "stc_new_8051.h"
   2          #include "codetab.h"
   3          #include "OLED12864.h"
   4          
   5          #define XLevelL   0x00
   6          #define XLevelH   0x10
   7          #define XLevel      ((XLevelH&0x0F)*16+XLevelL)
   8          #define Max_Column  128
   9          #define Max_Row   64
  10          #define Brightness  0xCF 
  11          #define X_WIDTH 128
  12          #define Y_WIDTH 64
  13          /*********************LCD 延时1ms************************************/
  14          void LCD_DLY_ms(unsigned int ms)
  15          {                         
  16   1      unsigned int a;
  17   1      while(ms)
  18   1      {
  19   2      a=1800;
  20   2      while(a--);
  21   2      ms--;
  22   2      }
  23   1      return;
  24   1      }
  25          /*********************LCD写数据************************************/ 
  26          void LCD_WrDat(unsigned char dat)  
  27          {
  28   1      unsigned char i;
  29   1      LCD_DC=1;  
  30   1      for(i=0;i<8;i++) //发送一个八位数据 
  31   1      {
  32   2      if((dat << i) & 0x80)
  33   2      {LCD_SDA  = 1;}
  34   2      else  LCD_SDA  = 0;
  35   2      LCD_SCL = 0;
  36   2      LCD_SCL = 1;
  37   2      }
  38   1      }
  39          /*********************LCD写命令************************************/                    
  40          void LCD_WrCmd(unsigned char cmd)
  41          {
  42   1      unsigned char i;
  43   1      LCD_DC=0;
  44   1      for(i=0;i<8;i++) //发送一个八位数据 
  45   1      {
  46   2      if((cmd << i) & 0x80)
  47   2      {LCD_SDA  = 1;}
  48   2      else  LCD_SDA  = 0;
  49   2      LCD_SCL = 0;
  50   2      LCD_SCL = 1;
  51   2      }
  52   1      }
  53          /*********************LCD 设置坐标************************************/
  54          void LCD_Set_Pos(unsigned char x, unsigned char y) 
C51 COMPILER V9.54   OLED12864                                                             06/16/2015 09:53:32 PAGE 2   

  55          { 
  56   1      LCD_WrCmd(0xb0+y);
  57   1      LCD_WrCmd(((x&0xf0)>>4)|0x10);
  58   1      LCD_WrCmd((x&0x0f)|0x01); 
  59   1      } 
  60          /*********************LCD全屏************************************/
  61          void LCD_Fill(unsigned char bmp_dat) 
  62          {
  63   1      unsigned char y,x;
  64   1      for(y=0;y<8;y++)
  65   1      {
  66   2      LCD_WrCmd(0xb0+y);
  67   2      LCD_WrCmd(0x01);
  68   2      LCD_WrCmd(0x10);
  69   2      for(x=0;x<X_WIDTH;x++)
  70   2      LCD_WrDat(bmp_dat);
  71   2      }
  72   1      }
  73          /*********************LCD复位************************************/
  74          void LCD_CLS(void)
  75          {
  76   1      unsigned char y,x;  
  77   1      for(y=0;y<8;y++)
  78   1      {
  79   2      LCD_WrCmd(0xb0+y);
  80   2      LCD_WrCmd(0x01);
  81   2      LCD_WrCmd(0x10); 
  82   2      for(x=0;x<X_WIDTH;x++)
  83   2      LCD_WrDat(0);
  84   2      }
  85   1      }
  86          /*********************LCD初始化************************************/
  87          void LCD_Init(void)     
  88          {  
  89   1        LCD_CS=0;
  90   1      LCD_SCL=1;
  91   1      LCD_RST=0;
  92   1      LCD_DLY_ms(50);
  93   1      LCD_RST=1;       //从上电到下面开始初始化要有足够的时间，即等待RC复位完毕   
  94   1      LCD_WrCmd(0xae);//--turn off oled panel
  95   1      LCD_WrCmd(0x00);//---set low column address
  96   1      LCD_WrCmd(0x10);//---set high column address
  97   1      LCD_WrCmd(0x40);//--set start line address  Set Mapping RAM Display Start Line (0x00~0x3F)
  98   1      LCD_WrCmd(0x81);//--set contrast control register
  99   1      LCD_WrCmd(0xcf); // Set SEG Output Current Brightness
 100   1      LCD_WrCmd(0xa1);//--Set SEG/Column Mapping     0xa0左右反置 0xa1正常
 101   1      LCD_WrCmd(0xc8);//Set COM/Row Scan Direction   0xc0上下反置 0xc8正常
 102   1      LCD_WrCmd(0xa6);//--set normal display
 103   1      LCD_WrCmd(0xa8);//--set multiplex ratio(1 to 64)
 104   1      LCD_WrCmd(0x3f);//--1/64 duty
 105   1      LCD_WrCmd(0xd3);//-set display offset Shift Mapping RAM Counter (0x00~0x3F)
 106   1      LCD_WrCmd(0x00);//-not offset
 107   1      LCD_WrCmd(0xd5);//--set display clock divide ratio/oscillator frequency
 108   1      LCD_WrCmd(0x80);//--set divide ratio, Set Clock as 100 Frames/Sec
 109   1      LCD_WrCmd(0xd9);//--set pre-charge period
 110   1      LCD_WrCmd(0xf1);//Set Pre-Charge as 15 Clocks & Discharge as 1 Clock
 111   1      LCD_WrCmd(0xda);//--set com pins hardware configuration
 112   1      LCD_WrCmd(0x12);
 113   1      LCD_WrCmd(0xdb);//--set vcomh
 114   1      LCD_WrCmd(0x40);//Set VCOM Deselect Level
 115   1      LCD_WrCmd(0x20);//-Set Page Addressing Mode (0x00/0x01/0x02)
 116   1      LCD_WrCmd(0x02);//
C51 COMPILER V9.54   OLED12864                                                             06/16/2015 09:53:32 PAGE 3   

 117   1      LCD_WrCmd(0x8d);//--set Charge Pump enable/disable
 118   1      LCD_WrCmd(0x14);//--set(0x10) disable
 119   1      LCD_WrCmd(0xa4);// Disable Entire Display On (0xa4/0xa5)
 120   1      LCD_WrCmd(0xa6);// Disable Inverse Display On (0xa6/a7) 
 121   1      LCD_WrCmd(0xaf);//--turn on oled panel
 122   1      LCD_Fill(0x00);  //初始清屏
 123   1      LCD_Set_Pos(0,0);   
 124   1      } 
 125          /***************功能描述：显示6*8一组标准ASCII字符串  显示的坐标（x,y），y为页范围0～7****************/
 126          void LCD_P6x8Str(unsigned char x, y,unsigned char ch[])
 127          {
 128   1      unsigned char c=0,i=0,j=0;      
 129   1      while (ch[j]!='\0')
 130   1      {    
 131   2      c =ch[j]-32;
 132   2      if(x>126){x=0;y++;}
 133   2      LCD_Set_Pos(x,y);    
 134   2      for(i=0;i<6;i++)     
 135   2      LCD_WrDat(F6x8[c][i]);  
 136   2      x+=6;
 137   2      j++;
 138   2      }
 139   1      }
 140          /*******************功能描述：显示8*16一组标准ASCII字符串  显示的坐标（x,y），y为页范围0～7***************
             -*/
 141          void LCD_P8x16Str(unsigned char x, y,unsigned char ch[])
 142          {
 143   1      unsigned char c=0,i=0,j=0;
 144   1      while (ch[j]!='\0')
 145   1      {    
 146   2      c =ch[j]-32;
 147   2      if(x>120){x=0;y++;}
 148   2      LCD_Set_Pos(x,y);    
 149   2      for(i=0;i<8;i++)     
 150   2      LCD_WrDat(F8X16[c*16+i]);
 151   2      LCD_Set_Pos(x,y+1);    
 152   2      for(i=0;i<8;i++)     
 153   2      LCD_WrDat(F8X16[c*16+i+8]);  
 154   2      x+=8;
 155   2      j++;
 156   2      }
 157   1      }
 158          /*****************功能描述：显示16*16点阵  显示的坐标（x,y），y为页范围0～7****************************/
 159          void LCD_P16x16Ch(unsigned char x, y, N)
 160          {
 161   1      unsigned char wm=0;
 162   1      unsigned int adder=32*N;  //    
 163   1      LCD_Set_Pos(x , y);
 164   1      for(wm = 0;wm < 16;wm++)  //             
 165   1      {
 166   2      LCD_WrDat(F16x16[adder]); 
 167   2      adder += 1;
 168   2      }      
 169   1      LCD_Set_Pos(x,y + 1); 
 170   1      for(wm = 0;wm < 16;wm++) //         
 171   1      {
 172   2      LCD_WrDat(F16x16[adder]);
 173   2      adder += 1;
 174   2      }       
 175   1      }
 176          /***********功能描述：显示显示BMP图片128×64起始点坐标(x,y),x的范围0～127，y为页的范围0～7****************
             -*/
C51 COMPILER V9.54   OLED12864                                                             06/16/2015 09:53:32 PAGE 4   

 177          void Draw_BMP(unsigned char x0, y0,x1, y1,unsigned char BMP[])
 178          {   
 179   1       unsigned int j=0;
 180   1       unsigned char x,y;
 181   1        
 182   1        if(y1%8==0) y=y1/8;      
 183   1        else y=y1/8+1;
 184   1        for(y=y0;y<y1;y++)
 185   1        {
 186   2          LCD_Set_Pos(x0,y);        
 187   2          for(x=x0;x<x1;x++)
 188   2            {      
 189   3              LCD_WrDat(BMP[j++]);        
 190   3            }
 191   2        }
 192   1      } 
*** WARNING C316 IN LINE 192 OF Source\OLED12864.c: unterminated conditionals


MODULE INFORMATION:   STATIC OVERLAYABLE
   CODE SIZE        =    809    ----
   CONSTANT SIZE    =   4120    ----
   XDATA SIZE       =   ----    ----
   PDATA SIZE       =   ----    ----
   DATA SIZE        =   ----      31
   IDATA SIZE       =   ----    ----
   BIT SIZE         =   ----    ----
END OF MODULE INFORMATION.


C51 COMPILATION COMPLETE.  1 WARNING(S),  0 ERROR(S)
